<?xml version="1.0" encoding="UTF-8"?>
<!-- Generated by org.testng.reporters.JUnitReportReporter -->
<testsuite hostname="DESKTOP-OE45J9V" failures="0" tests="1" name="MavenBasicPackage2Test.PracticeMvnBasicTest" time="0.005" errors="0" timestamp="2021-12-31T14:59:41 IST" skipped="0">
  <testcase classname="MavenBasicPackage2Test.PracticeMvnBasicTest" name="compileTest" time="0.005"/>
  <system-out/>
</testsuite> <!-- MavenBasicPackage2Test.PracticeMvnBasicTest -->
