<?xml version="1.0" encoding="UTF-8"?>
<!-- Generated by org.testng.reporters.JUnitReportReporter -->
<testsuite hostname="DESKTOP-OE45J9V" failures="0" tests="2" name="MavenBasicPractice.BasicClassMavenTest" time="0.007" errors="0" timestamp="2021-12-30T15:31:08 IST" skipped="0">
  <testcase classname="MavenBasicPractice.BasicClassMavenTest" name="mavenPractice2Test" time="0.006"/>
  <system-out/>
  <testcase classname="MavenBasicPractice.BasicClassMavenTest" name="mavenPracticeTest" time="0.001"/>
  <system-out/>
</testsuite> <!-- MavenBasicPractice.BasicClassMavenTest -->
