<?xml version="1.0" encoding="UTF-8"?>
<!-- Generated by org.testng.reporters.JUnitReportReporter -->
<testsuite hostname="DESKTOP-OE45J9V" failures="0" tests="1" name="MavenBasicPackage2.PracticeMvnBasic" time="0.007" errors="0" timestamp="2021-12-30T15:22:04 IST" skipped="0">
  <testcase classname="MavenBasicPackage2.PracticeMvnBasic" name="exexute" time="0.007"/>
  <system-out/>
</testsuite> <!-- MavenBasicPackage2.PracticeMvnBasic -->
